{"name": "test_search_without_providing_any_product", "status": "failed", "statusDetails": {"message": "AssertionError: assert False\n +  where False = <method-wrapper '__eq__' of str object at 0x105472970>('There is no product that matches the search criterias.')\n +    where <method-wrapper '__eq__' of str object at 0x105472970> = 'There is no product that matches the search criteria.'.__eq__\n +      where 'There is no product that matches the search criteria.' = display_no_product_message()\n +        where display_no_product_message = <pages.SearchPage.SearchPage object at 0x1053baad0>.display_no_product_message", "trace": "self = <tests.test_Search.TestSearch object at 0x105382fd0>\n\n    def test_search_without_providing_any_product(self):\n        home_page = HomePage(self.driver)\n        search_page = home_page.search_for_a_product(\"\")\n        expected_text = \"There is no product that matches the search criterias.\"\n>       assert search_page.display_no_product_message().__eq__(expected_text)\nE       AssertionError: assert False\nE        +  where False = <method-wrapper '__eq__' of str object at 0x105472970>('There is no product that matches the search criterias.')\nE        +    where <method-wrapper '__eq__' of str object at 0x105472970> = 'There is no product that matches the search criteria.'.__eq__\nE        +      where 'There is no product that matches the search criteria.' = display_no_product_message()\nE        +        where display_no_product_message = <pages.SearchPage.SearchPage object at 0x1053baad0>.display_no_product_message\n\ntests/test_Search.py:21: AssertionError"}, "start": 1749191230053, "stop": 1749191230319, "uuid": "a5d604d9-c1be-40a8-9bc6-95b94756e2b1", "historyId": "5d37ea5fc5916146fd51ef3ddd636579", "testCaseId": "5d37ea5fc5916146fd51ef3ddd636579", "fullName": "tests.test_Search.TestSearch#test_search_without_providing_any_product", "labels": [{"name": "tag", "value": "@pytest.mark.usefixtures('setup_and_teardown')"}, {"name": "parentSuite", "value": "tests"}, {"name": "suite", "value": "test_Search"}, {"name": "subSuite", "value": "TestSearch"}, {"name": "host", "value": "Macmini"}, {"name": "thread", "value": "7441-MainThread"}, {"name": "framework", "value": "pytest"}, {"name": "language", "value": "cpython3"}, {"name": "package", "value": "tests.test_Search"}]}